  [1m[35m (429.5ms)[0m  [1m[35mCREATE TABLE `schema_migrations` (`version` varchar(255) PRIMARY KEY) ENGINE=InnoDB[0m
  [1m[35m (313.7ms)[0m  [1m[35mCREATE TABLE `ar_internal_metadata` (`key` varchar(255) PRIMARY KEY, `value` varchar(255), `created_at` datetime NOT NULL, `updated_at` datetime NOT NULL) ENGINE=InnoDB[0m
  [1m[35m (0.6ms)[0m  [1m[34mSELECT DATABASE() as db[0m
  [1m[35m (0.5ms)[0m  [1m[34mSELECT GET_LOCK('2915365363546554870', 0);[0m
  [1m[36mActiveRecord::SchemaMigration Load (7.3ms)[0m  [1m[34mSELECT `schema_migrations`.* FROM `schema_migrations`[0m
Migrating to CreateBooks (20170901075943)
  [1m[35m (317.9ms)[0m  [1m[35mCREATE TABLE `books` (`id` int AUTO_INCREMENT PRIMARY KEY, `created_at` datetime NOT NULL, `updated_at` datetime NOT NULL) ENGINE=InnoDB[0m
  [1m[35m (0.5ms)[0m  [1m[35mBEGIN[0m
  [1m[35mSQL (17.7ms)[0m  [1m[32mINSERT INTO `schema_migrations` (`version`) VALUES ('20170901075943')[0m
  [1m[35m (40.1ms)[0m  [1m[35mCOMMIT[0m
  [1m[36mActiveRecord::InternalMetadata Load (0.8ms)[0m  [1m[34mSELECT  `ar_internal_metadata`.* FROM `ar_internal_metadata` WHERE `ar_internal_metadata`.`key` = 'environment' LIMIT 1[0m
  [1m[35m (0.5ms)[0m  [1m[35mBEGIN[0m
  [1m[35mSQL (0.8ms)[0m  [1m[32mINSERT INTO `ar_internal_metadata` (`key`, `value`, `created_at`, `updated_at`) VALUES ('environment', 'development', '2017-09-01 07:59:53', '2017-09-01 07:59:53')[0m
  [1m[35m (38.6ms)[0m  [1m[35mCOMMIT[0m
  [1m[35m (0.7ms)[0m  [1m[34mSELECT RELEASE_LOCK('2915365363546554870')[0m
  [1m[36mActiveRecord::SchemaMigration Load (0.6ms)[0m  [1m[34mSELECT `schema_migrations`.* FROM `schema_migrations`[0m
  [1m[35m (0.3ms)[0m  [1m[35mSHOW CREATE TABLE `books`[0m
Started GET "/" for 127.0.0.1 at 2017-09-01 13:30:40 +0530
  [1m[36mActiveRecord::SchemaMigration Load (0.2ms)[0m  [1m[34mSELECT `schema_migrations`.* FROM `schema_migrations`[0m
Processing by Rails::WelcomeController#index as HTML
  Parameters: {"internal"=>true}
  Rendering /home/saran/.rvm/gems/ruby-2.3.1/gems/railties-5.0.5/lib/rails/templates/rails/welcome/index.html.erb
  Rendered /home/saran/.rvm/gems/ruby-2.3.1/gems/railties-5.0.5/lib/rails/templates/rails/welcome/index.html.erb (2.6ms)
Completed 200 OK in 15ms (Views: 7.5ms | ActiveRecord: 0.0ms)


Started GET "/books" for 127.0.0.1 at 2017-09-01 13:30:50 +0530
Processing by BooksController#index as HTML
  Rendering books/index.html.erb within layouts/application
  [1m[36mBook Load (0.3ms)[0m  [1m[34mSELECT `books`.* FROM `books`[0m
  Rendered books/index.html.erb within layouts/application (4.9ms)
Completed 200 OK in 530ms (Views: 523.5ms | ActiveRecord: 0.7ms)


Started GET "/" for 127.0.0.1 at 2017-09-02 09:00:48 +0530
  [1m[36mActiveRecord::SchemaMigration Load (2.0ms)[0m  [1m[34mSELECT `schema_migrations`.* FROM `schema_migrations`[0m
Processing by BooksController#index as HTML
  Rendering books/index.html.erb within layouts/application
  [1m[36mBook Load (0.9ms)[0m  [1m[34mSELECT `books`.* FROM `books`[0m
  Rendered books/index.html.erb within layouts/application (21.8ms)
Completed 200 OK in 757ms (Views: 694.1ms | ActiveRecord: 1.8ms)


